
2025-01-26 17:54:56,981 INFO C:\Users\00\Desktop\ImageUploader\imageuploadproject\imageuploadproject\settings.py changed, reloading. 266 
2025-01-26 17:54:58,505 INFO Watching for file changes with StatReloader 668 
2025-01-26 17:57:12,377 INFO C:\Users\00\Desktop\ImageUploader\imageuploadproject\imageuploadproject\settings.py changed, reloading. 266 
2025-01-26 17:57:13,828 INFO Watching for file changes with StatReloader 668 
2025-01-26 17:57:22,823 INFO C:\Users\00\Desktop\ImageUploader\imageuploadproject\imageuploadproject\settings.py changed, reloading. 266 
2025-01-26 17:57:24,165 INFO Watching for file changes with StatReloader 668 
2025-01-26 17:57:27,953 INFO C:\Users\00\Desktop\ImageUploader\imageuploadproject\imageuploadproject\settings.py changed, reloading. 266 
2025-01-26 18:00:22,927 INFO Watching for file changes with StatReloader 668 
2025-01-26 18:00:40,046 INFO C:\Users\00\Desktop\ImageUploader\imageuploadproject\imageuploadproject\settings.py changed, reloading. 266 
2025-01-26 18:00:41,209 INFO Watching for file changes with StatReloader 668 
2025-01-26 18:00:45,841 INFO Watching for file changes with StatReloader 668 
2025-01-26 18:06:01,359 INFO C:\Users\00\Desktop\ImageUploader\imageuploadproject\imageuploadproject\urls.py changed, reloading. 266 
2025-01-26 18:06:02,678 INFO Watching for file changes with StatReloader 668 
2025-01-26 18:06:11,650 INFO C:\Users\00\Desktop\ImageUploader\imageuploadproject\imageuploadproject\urls.py changed, reloading. 266 
2025-01-26 18:06:12,779 INFO Watching for file changes with StatReloader 668 
2025-01-26 18:11:04,401 INFO C:\Users\00\Desktop\ImageUploader\imageuploadproject\imgaeapp\models.py changed, reloading. 266 
2025-01-26 18:11:05,856 INFO Watching for file changes with StatReloader 668 
2025-01-26 18:11:07,216 INFO C:\Users\00\Desktop\ImageUploader\imageuploadproject\imgaeapp\models.py changed, reloading. 266 
2025-01-26 18:11:08,487 INFO Watching for file changes with StatReloader 668 
2025-01-26 18:11:10,946 INFO C:\Users\00\Desktop\ImageUploader\imageuploadproject\imgaeapp\models.py changed, reloading. 266 
2025-01-26 18:11:12,341 INFO Watching for file changes with StatReloader 668 
2025-01-26 18:11:13,690 INFO C:\Users\00\Desktop\ImageUploader\imageuploadproject\imgaeapp\models.py changed, reloading. 266 
2025-01-26 18:11:14,819 INFO Watching for file changes with StatReloader 668 
2025-01-26 18:11:48,460 INFO C:\Users\00\Desktop\ImageUploader\imageuploadproject\imgaeapp\models.py changed, reloading. 266 
2025-01-26 18:11:49,829 INFO Watching for file changes with StatReloader 668 
2025-01-26 18:11:52,483 INFO C:\Users\00\Desktop\ImageUploader\imageuploadproject\imgaeapp\models.py changed, reloading. 266 
2025-01-26 18:11:53,868 INFO Watching for file changes with StatReloader 668 
2025-01-26 18:12:00,443 INFO C:\Users\00\Desktop\ImageUploader\imageuploadproject\imgaeapp\models.py changed, reloading. 266 
2025-01-26 18:12:01,753 INFO Watching for file changes with StatReloader 668 
2025-01-26 18:12:04,197 INFO C:\Users\00\Desktop\ImageUploader\imageuploadproject\imgaeapp\models.py changed, reloading. 266 
2025-01-26 18:12:05,390 INFO Watching for file changes with StatReloader 668 
2025-01-26 18:12:11,146 INFO C:\Users\00\Desktop\ImageUploader\imageuploadproject\imgaeapp\models.py changed, reloading. 266 
2025-01-26 18:12:12,547 INFO Watching for file changes with StatReloader 668 
2025-01-26 18:13:42,082 INFO Watching for file changes with StatReloader 668 
2025-01-26 18:13:53,162 INFO C:\Users\00\Desktop\ImageUploader\imageuploadproject\imgaeapp\admin.py changed, reloading. 266 
2025-01-26 18:13:54,500 INFO Watching for file changes with StatReloader 668 
2025-01-26 18:14:04,485 INFO C:\Users\00\Desktop\ImageUploader\imageuploadproject\imgaeapp\admin.py changed, reloading. 266 
2025-01-26 18:14:05,644 INFO Watching for file changes with StatReloader 668 
2025-01-26 18:14:07,099 INFO C:\Users\00\Desktop\ImageUploader\imageuploadproject\imgaeapp\admin.py changed, reloading. 266 
2025-01-26 18:14:08,319 INFO Watching for file changes with StatReloader 668 
2025-01-26 18:14:11,792 INFO C:\Users\00\Desktop\ImageUploader\imageuploadproject\imgaeapp\admin.py changed, reloading. 266 
2025-01-26 18:14:12,908 INFO Watching for file changes with StatReloader 668 
2025-01-26 18:14:23,931 INFO C:\Users\00\Desktop\ImageUploader\imageuploadproject\imgaeapp\admin.py changed, reloading. 266 
2025-01-26 18:14:25,176 INFO Watching for file changes with StatReloader 668 
2025-01-26 18:14:26,862 INFO C:\Users\00\Desktop\ImageUploader\imageuploadproject\imgaeapp\admin.py changed, reloading. 266 
2025-01-26 18:14:28,123 INFO Watching for file changes with StatReloader 668 
2025-01-26 18:14:30,762 INFO C:\Users\00\Desktop\ImageUploader\imageuploadproject\imgaeapp\admin.py changed, reloading. 266 
2025-01-26 18:14:31,982 INFO Watching for file changes with StatReloader 668 
2025-01-26 18:14:38,832 INFO C:\Users\00\Desktop\ImageUploader\imageuploadproject\imgaeapp\admin.py changed, reloading. 266 
2025-01-26 18:14:39,980 INFO Watching for file changes with StatReloader 668 
2025-01-26 18:14:44,539 INFO C:\Users\00\Desktop\ImageUploader\imageuploadproject\imgaeapp\admin.py changed, reloading. 266 
2025-01-26 18:14:45,680 INFO Watching for file changes with StatReloader 668 
2025-01-26 18:14:48,245 INFO C:\Users\00\Desktop\ImageUploader\imageuploadproject\imgaeapp\admin.py changed, reloading. 266 
2025-01-26 18:14:53,568 INFO Watching for file changes with StatReloader 668 
2025-01-26 18:15:59,700 INFO Watching for file changes with StatReloader 668 
